<?xml version="1.0" encoding="UTF-8"?>
<!-- Generated by org.testng.reporters.JUnitReportReporter -->
<testsuite skipped="0" hostname="LAPTOP-DQHA8VEA" name="Bankslink.ValidateLandingPage" tests="1" failures="0" timestamp="2022-01-06T22:15:26 IST" time="0.056" errors="0">
  <testcase name="ValidateHomePage" time="0.056" classname="Bankslink.ValidateLandingPage"/>
  <system-out/>
</testsuite> <!-- Bankslink.ValidateLandingPage -->
